{"severity":"INFO","time":"2025-09-02T02:35:02.636Z","correlation_id":"01K444E6ZEY3X0HJN6W6C6NJCZ","message":"Enqueued events for forwarding. Count: 1"}
{"severity":"INFO","time":"2025-09-02T02:38:47.736Z","correlation_id":"01K444N3C842B5FH22W5K52MGX","message":"Enqueued events for forwarding. Count: 1"}
{"severity":"INFO","time":"2025-09-02T02:39:17.658Z","correlation_id":"01K444P0M6PZ538KYCAZK2N0EV","message":"Enqueued events for forwarding. Count: 1"}
{"severity":"INFO","time":"2025-09-02T02:46:32.640Z","correlation_id":"01K44538HXP7EA4KWYVJNAVBR5","message":"Enqueued events for forwarding. Count: 1"}
{"severity":"INFO","time":"2025-09-02T02:46:33.586Z","correlation_id":"01K44539EG7ABTYGE20NXMZTQN","message":"Enqueued events for forwarding. Count: 2"}
{"severity":"INFO","time":"2025-09-02T02:46:33.616Z","correlation_id":"01K4453ABZMQE043RJ9FSMK9S7","message":"Enqueued events for forwarding. Count: 1"}
{"severity":"INFO","time":"2025-09-02T02:46:44.357Z","correlation_id":"01K4453MV3T94Y1NGJ5VS7XP7B","message":"Enqueued events for forwarding. Count: 1"}
{"severity":"INFO","time":"2025-09-02T02:46:44.399Z","correlation_id":"01K4453MWKX7G5GTQQP037CX6A","message":"Enqueued events for forwarding. Count: 1"}
{"severity":"INFO","time":"2025-09-02T02:46:50.118Z","correlation_id":"01K4453TFH0NAT36SKM60A38PF","message":"Enqueued events for forwarding. Count: 1"}
{"severity":"INFO","time":"2025-09-02T02:46:50.965Z","correlation_id":"01K4453V9XSFFJR00V39WQB798","message":"Enqueued events for forwarding. Count: 1"}
{"severity":"INFO","time":"2025-09-02T02:46:51.011Z","correlation_id":"01K4453VBEXHFJ597CBDMF4VKW","message":"Enqueued events for forwarding. Count: 2"}
{"severity":"INFO","time":"2025-09-02T02:46:52.562Z","correlation_id":"01K4453WVVZSQ6AJJNHJYB9KSN","message":"Enqueued events for forwarding. Count: 1"}
{"severity":"INFO","time":"2025-09-02T02:47:21.858Z","correlation_id":"01K4454SFB9BV7XV5P976WRDYQ","message":"Enqueued events for forwarding. Count: 1"}
{"severity":"INFO","time":"2025-09-02T02:47:27.099Z","correlation_id":"01K4454YK0XD75BRKARR56VB8B","message":"Enqueued events for forwarding. Count: 1"}
{"severity":"INFO","time":"2025-09-02T02:47:27.137Z","correlation_id":"01K4454YM9ZC5ZAJRKAVG461EP","message":"Enqueued events for forwarding. Count: 2"}
{"severity":"INFO","time":"2025-09-02T02:47:28.537Z","correlation_id":"01K4455007JWXTA5PEWWZ1PGZX","message":"Enqueued events for forwarding. Count: 1"}
{"severity":"INFO","time":"2025-09-02T02:47:28.562Z","correlation_id":"01K4455010ACW5H74EJSWTZ8BR","message":"Enqueued events for forwarding. Count: 1"}
{"severity":"INFO","time":"2025-09-02T02:47:36.210Z","correlation_id":"01K44557FPYQ1EHXZM9GXHH3Z5","message":"Enqueued events for forwarding. Count: 1"}
{"severity":"INFO","time":"2025-09-02T02:47:37.344Z","correlation_id":"01K44558K43HWRS1ESDTVTQKQ0","message":"Enqueued events for forwarding. Count: 1"}
{"severity":"INFO","time":"2025-09-02T02:47:37.377Z","correlation_id":"01K44558M9WWWGD520HWRP7KRQ","message":"Enqueued events for forwarding. Count: 1"}
{"severity":"INFO","time":"2025-09-02T02:48:08.392Z","correlation_id":"01K44566XRB7CRN6TQAEQ2XMNB","message":"Enqueued events for forwarding. Count: 1"}
{"severity":"INFO","time":"2025-09-02T02:48:39.099Z","correlation_id":"01K44574X8QT0P855PEZ6F13Y5","message":"Enqueued events for forwarding. Count: 1"}
{"severity":"INFO","time":"2025-09-02T02:50:08.281Z","correlation_id":"01K4459W03Z8CZ5PN6ZZS1NADQ","message":"Enqueued events for forwarding. Count: 1"}
{"severity":"INFO","time":"2025-09-02T02:50:38.018Z","correlation_id":"01K445AS1JYJWX038655QYQZBX","message":"Enqueued events for forwarding. Count: 1"}
{"severity":"INFO","time":"2025-09-02T02:50:55.179Z","correlation_id":"01K445B9SPRQHJJNRFDTYF5Z21","message":"Enqueued events for forwarding. Count: 1"}
{"severity":"INFO","time":"2025-09-02T02:50:57.130Z","correlation_id":"01K445BBPSD9ZNAFMM08PEWAXA","message":"Enqueued events for forwarding. Count: 1"}
{"severity":"INFO","time":"2025-09-02T02:50:57.172Z","correlation_id":"01K445BBQZ293K5QQ8M6E1J2J9","message":"Enqueued events for forwarding. Count: 3"}
{"severity":"INFO","time":"2025-09-02T02:51:00.682Z","correlation_id":"01K445BF533Y7MDAN6G9NJSG22","message":"Enqueued events for forwarding. Count: 1"}
{"severity":"INFO","time":"2025-09-02T02:51:02.372Z","correlation_id":"01K445BGQRCGQ7HXGNXP9XKWS2","message":"Enqueued events for forwarding. Count: 1"}
{"severity":"INFO","time":"2025-09-02T02:51:02.396Z","correlation_id":"01K445BGVBJM4BFCBER22N1RS7","message":"Enqueued events for forwarding. Count: 1"}
{"severity":"INFO","time":"2025-09-02T02:51:05.683Z","correlation_id":"01K445BM21ASTY77ANB42BVXQZ","message":"Enqueued events for forwarding. Count: 1"}
{"severity":"INFO","time":"2025-09-02T02:51:05.707Z","correlation_id":"01K445BM2THNFRA5NCC24Y6VXF","message":"Enqueued events for forwarding. Count: 1"}
{"severity":"INFO","time":"2025-09-02T02:51:12.008Z","correlation_id":"01K445BT7R7R6E074F8TD4PQKC","message":"Enqueued events for forwarding. Count: 1"}
{"severity":"INFO","time":"2025-09-02T02:51:12.032Z","correlation_id":"01K445BT8GP39TVK9HD6TPXMC1","message":"Enqueued events for forwarding. Count: 1"}
{"severity":"INFO","time":"2025-09-02T02:51:42.064Z","correlation_id":"01K445CQK0828SEQC7MC06PBXC","message":"Enqueued events for forwarding. Count: 1"}
{"severity":"INFO","time":"2025-09-02T02:52:12.028Z","correlation_id":"01K445DMTSYGQWCEJMDHZHKKA6","message":"Enqueued events for forwarding. Count: 1"}
{"severity":"INFO","time":"2025-09-02T02:52:42.176Z","correlation_id":"01K445EJ9EKZ2K4HX9BZM9CSTF","message":"Enqueued events for forwarding. Count: 1"}
{"severity":"INFO","time":"2025-09-02T02:55:44.622Z","correlation_id":"01K445M4EPBA7EZAJ8RW1ZSKFC","message":"Enqueued events for forwarding. Count: 1"}
{"severity":"INFO","time":"2025-09-02T02:55:44.654Z","correlation_id":"01K445M4FRT70H0B33E85QJ4Y4","message":"Enqueued events for forwarding. Count: 1"}
{"severity":"INFO","time":"2025-09-02T02:55:51.483Z","correlation_id":"01K445MB5A4C3K984YB7NPPB3B","message":"Enqueued events for forwarding. Count: 1"}
{"severity":"INFO","time":"2025-09-02T02:55:51.508Z","correlation_id":"01K445MB645QDR2E2PTZZAEQPC","message":"Enqueued events for forwarding. Count: 1"}
{"severity":"INFO","time":"2025-09-02T02:55:59.708Z","correlation_id":"01K445MK6BPFY7NJCR8QMPVH0V","message":"Enqueued events for forwarding. Count: 1"}
{"severity":"INFO","time":"2025-09-02T02:55:59.733Z","correlation_id":"01K445MK73R4MMDX2BNCK0501C","message":"Enqueued events for forwarding. Count: 1"}
{"severity":"INFO","time":"2025-09-02T02:56:29.692Z","correlation_id":"01K445NGFCG5BKSTDWBHK5VEF6","message":"Enqueued events for forwarding. Count: 1"}
{"severity":"INFO","time":"2025-09-02T02:57:00.299Z","correlation_id":"01K445PEBQ6YZGFSTGFR6SKYFF","message":"Enqueued events for forwarding. Count: 1"}
{"severity":"INFO","time":"2025-09-02T02:58:59.541Z","correlation_id":"01K445T2T2X8AV91Z66D7HTQA9","message":"Enqueued events for forwarding. Count: 1"}
{"severity":"INFO","time":"2025-09-02T02:59:02.097Z","correlation_id":"01K445T59VVQ5C66QNTWCR5K97","message":"Enqueued events for forwarding. Count: 1"}
{"severity":"INFO","time":"2025-09-02T02:59:02.124Z","correlation_id":"01K445T5AS6QRJ2ES19NEQ2J2S","message":"Enqueued events for forwarding. Count: 1"}
{"severity":"INFO","time":"2025-09-02T03:00:02.257Z","correlation_id":"01K445W016NDEYTSZDM88ANGQD","message":"Enqueued events for forwarding. Count: 1"}
{"severity":"INFO","time":"2025-09-02T03:01:08.724Z","correlation_id":"01K445Y0YCSGWR2JB493R6VPR9","message":"Enqueued events for forwarding. Count: 1"}
{"severity":"INFO","time":"2025-09-02T03:01:08.754Z","correlation_id":"01K445Y0ZXJVMMAWY80396PHE5","message":"Enqueued events for forwarding. Count: 1"}
{"severity":"INFO","time":"2025-09-02T03:01:13.680Z","correlation_id":"01K445Y5SX49BCX93YA7Z06PY5","message":"Enqueued events for forwarding. Count: 1"}
{"severity":"INFO","time":"2025-09-02T03:01:13.708Z","correlation_id":"01K445Y5TRFJ12AW7V6JQ5WQ7W","message":"Enqueued events for forwarding. Count: 1"}
{"severity":"INFO","time":"2025-09-02T03:01:14.698Z","correlation_id":"01K445Y6SSDVRZKS46GXP9QMZ4","message":"Enqueued events for forwarding. Count: 1"}
{"severity":"INFO","time":"2025-09-02T03:01:14.724Z","correlation_id":"01K445Y6TK14AW9ZAFN78DYB1W","message":"Enqueued events for forwarding. Count: 1"}
{"severity":"INFO","time":"2025-09-02T03:01:16.387Z","correlation_id":"01K445Y8EJV7XD8DYSN5WS7TKA","message":"Enqueued events for forwarding. Count: 1"}
{"severity":"INFO","time":"2025-09-02T03:01:16.409Z","correlation_id":"01K445Y8F9GNSTBQ7D9W7NRBC8","message":"Enqueued events for forwarding. Count: 1"}
{"severity":"INFO","time":"2025-09-02T03:01:18.183Z","correlation_id":"01K445YA6QZ4ZQMDXE4D0MT302","message":"Enqueued events for forwarding. Count: 1"}
{"severity":"INFO","time":"2025-09-02T03:01:18.208Z","correlation_id":"01K445YA7F5NGE6HD1AR46DKYB","message":"Enqueued events for forwarding. Count: 1"}
{"severity":"INFO","time":"2025-09-02T03:01:20.018Z","correlation_id":"01K445YBYMPRX1WMVHYPFP24F3","message":"Enqueued events for forwarding. Count: 1"}
{"severity":"INFO","time":"2025-09-02T03:01:20.106Z","correlation_id":"01K445YC11H6SMMPXZV2ZKPH7K","message":"Enqueued events for forwarding. Count: 1"}
{"severity":"INFO","time":"2025-09-02T03:01:22.134Z","correlation_id":"01K445YE25FJC583TK249474N8","message":"Enqueued events for forwarding. Count: 1"}
{"severity":"INFO","time":"2025-09-02T03:01:22.159Z","correlation_id":"01K445YE2W9MSKQ200C1SJD1XE","message":"Enqueued events for forwarding. Count: 1"}
{"severity":"INFO","time":"2025-09-02T03:01:24.041Z","correlation_id":"01K445YFXN96FMKFEFHQHHH94B","message":"Enqueued events for forwarding. Count: 1"}
{"severity":"INFO","time":"2025-09-02T03:01:24.071Z","correlation_id":"01K445YFYMRXJP4PREB4JHFWES","message":"Enqueued events for forwarding. Count: 1"}
{"severity":"INFO","time":"2025-09-02T03:02:54.724Z","correlation_id":"01K44618ES57X99WY1J1XVA6Y4","message":"Enqueued events for forwarding. Count: 1"}
{"severity":"INFO","time":"2025-09-02T03:59:43.200Z","correlation_id":"01K449991P4RF3V021ZA9H7VZ5","message":"Enqueued events for forwarding. Count: 1"}
{"severity":"INFO","time":"2025-09-02T03:59:43.237Z","correlation_id":"01K449993APY7NK1TD32K8AE7K","message":"Enqueued events for forwarding. Count: 1"}
{"severity":"INFO","time":"2025-09-02T03:59:50.916Z","correlation_id":"01K4499GJ2FHX1WH5T840ERV5T","message":"Enqueued events for forwarding. Count: 1"}
{"severity":"INFO","time":"2025-09-02T03:59:50.943Z","correlation_id":"01K4499GMCXHYHZ7XDRMWJZD0E","message":"Enqueued events for forwarding. Count: 1"}
{"severity":"INFO","time":"2025-09-02T04:00:20.847Z","correlation_id":"01K449ADTWN12GQSFKM9PE5KDM","message":"Enqueued events for forwarding. Count: 1"}
{"severity":"INFO","time":"2025-09-02T04:00:50.832Z","correlation_id":"01K449BB3VM4Q96SDEQPFJ2393","message":"Enqueued events for forwarding. Count: 1"}
{"severity":"INFO","time":"2025-09-02T04:01:51.493Z","correlation_id":"01K449D6ASD6Q52W4TMQQXHJRP","message":"Enqueued events for forwarding. Count: 1"}
