[0KRunning with gitlab-runner 18.3.0 (9ba718cd)[0;m
[0K  on docker v-vEXN8kX, system ID: r_jIA6zZmDnSXq[0;m
section_start:1756785592:prepare_executor[0K[0K[36;1mPreparing the "docker" executor[0;m[0;m
[0KUsing Docker executor with image docker:latest ...[0;m
[0KStarting service docker:dind...[0;m
[0KUsing effective pull policy of [always] for container docker:dind[0;m
[0KPulling docker image docker:dind ...[0;m
[0KUsing docker image sha256:685c712776973f1da71a81b6f60932ef6163de05c38342fe1892c50c16df744e for docker:dind with digest docker@sha256:a56b3bdde89315ed2cc0e4906e582b5033d93bf20d9cb9510c2cdd4e7f7690b1 ...[0;m
[0KWaiting for services to be up and running (timeout 30 seconds)...[0;m

[0;33m*** WARNING:[0;m Service runner-v-vexn8kx-project-1-concurrent-0-ffc85d291477bc87-docker-0 probably didn't start properly.

Health check error:
start service container: Error response from daemon: Cannot link to a non running container: /runner-v-vexn8kx-project-1-concurrent-0-ffc85d291477bc87-docker-0 AS /runner-v-vexn8kx-project-1-concurrent-0-ffc85d291477bc87-docker-0-wait-for-service/service (services.go:215:0s)

Service container logs:
2025-09-02T04:00:00.807499898Z ip: can't find device 'nf_tables'
2025-09-02T04:00:00.809891872Z modprobe: can't change directory to '/lib/modules': No such file or directory
2025-09-02T04:00:00.812704808Z ip: can't find device 'ip_tables'
2025-09-02T04:00:00.814137071Z modprobe: can't change directory to '/lib/modules': No such file or directory
2025-09-02T04:00:00.815981089Z ip: can't find device 'ip6_tables'
2025-09-02T04:00:00.817318205Z modprobe: can't change directory to '/lib/modules': No such file or directory
2025-09-02T04:00:00.821218157Z iptables v1.8.11 (nf_tables)
2025-09-02T04:00:00.825404829Z mount: permission denied (are you root?)

[0;33m*********[0;m

[0KUsing effective pull policy of [always] for container docker:latest[0;m
[0KPulling docker image docker:latest ...[0;m
[0KUsing docker image sha256:685c712776973f1da71a81b6f60932ef6163de05c38342fe1892c50c16df744e for docker:latest with digest docker@sha256:a56b3bdde89315ed2cc0e4906e582b5033d93bf20d9cb9510c2cdd4e7f7690b1 ...[0;m
section_end:1756785604:prepare_executor[0Ksection_start:1756785604:prepare_script[0K[0K[36;1mPreparing environment[0;m[0;m
[0KUsing effective pull policy of [always] for container sha256:c909dca3aaaed2a2f10fa96499aee4c9f51fb469c8e8ec2a96059c2172d6b72c[0;m
Running on runner-v-vexn8kx-project-1-concurrent-0 via 6ce78b0c533f...
section_end:1756785605:prepare_script[0Ksection_start:1756785605:get_sources[0K[0K[36;1mGetting source from Git repository[0;m[0;m
[32;1mGitaly correlation ID: 01K4499J5277CV7RMBTSV5196R[0;m
[32;1mFetching changes with git depth set to 20...[0;m
Reinitialized existing Git repository in /builds/root/devsecops/.git/
[32;1mCreated fresh repository.[0;m
[32;1mChecking out aeb74d95 as detached HEAD (ref is master)...[0;m

[32;1mSkipping Git submodules setup[0;m
section_end:1756785607:get_sources[0Ksection_start:1756785607:step_script[0K[0K[36;1mExecuting "step_script" stage of the job script[0;m[0;m
[0KUsing effective pull policy of [always] for container docker:latest[0;m
[0KUsing docker image sha256:685c712776973f1da71a81b6f60932ef6163de05c38342fe1892c50c16df744e for docker:latest with digest docker@sha256:a56b3bdde89315ed2cc0e4906e582b5033d93bf20d9cb9510c2cdd4e7f7690b1 ...[0;m
[32;1m$ sleep 5[0;m
[32;1m$ echo "$CI_JOB_TOKEN" | docker login -u gitlab-ci-token --password-stdin $REGISTRY_URL[0;m
Get "https://172.18.0.2:5050/v2/": net/http: request canceled while waiting for connection (Client.Timeout exceeded while awaiting headers)
section_end:1756785627:step_script[0Ksection_start:1756785627:cleanup_file_variables[0K[0K[36;1mCleaning up project directory and file based variables[0;m[0;m
section_end:1756785628:cleanup_file_variables[0K[31;1mERROR: Job failed: exit code 1
[0;m
